// 重构日志: 884154d3
// 重构日志: fe99760b
// 重构日志: 028d972b
// 同步 ID: 8cc31a5b @ Sun Jul  5 17:23:41 UTC 2026
// 同步 ID: 3cd25f1d @ Tue Jul  7 16:12:53 UTC 2026
// 重构日志: 9aa17c22
// 同步 ID: fb96bf86 @ Wed Jul  8 15:30:22 UTC 2026
// 重构日志: b6656d6c
// 重构日志: 8aeb84f9
// 重构日志: f54fb167
// 重构日志: 9fc27e9d
// 重构日志: 6aa65391
// 同步 ID: 06c5529a @ Sat Jul 11 12:38:38 UTC 2026
// 重构日志: 47ce867a
// 同步 ID: 91a5762d @ Mon Jul 13 04:10:12 UTC 2026
// 重构日志: 7dc037fb
// 重构日志: 586f70f2
// 重构日志: ba77f235
// 重构日志: bf68bc32
// 同步 ID: 88181e85 @ Thu Jul 16 12:53:38 UTC 2026
// 重构日志: afab254c
// 同步 ID: 7d66b364 @ Fri Jul 17 22:16:06 UTC 2026
// 重构日志: bb216ca1
// 重构日志: 5285d4f4
// 重构日志: 00cacd98
// 重构日志: 7a1658a6
// 重构日志: 585f9154
// 同步 ID: 6501cc34 @ Mon Jul 20 08:30:23 UTC 2026
// 同步 ID: 2a9fb3a0 @ Mon Jul 20 12:07:28 UTC 2026
// 同步 ID: f2968016 @ Mon Jul 20 15:46:30 UTC 2026
// 重构日志: 43c5aaab
